<?xml version="1.0" encoding="UTF-8"?>
<testsuite name="com.pasinski.internship.PathFinderTest" tests="2" skipped="0" failures="0" errors="0" timestamp="2022-04-24T18:09:08" hostname="LAPTOP-M9EHKSNA" time="0.009">
  <properties/>
  <testcase name="calculateAndPrintQuickestPath()" classname="com.pasinski.internship.PathFinderTest" time="0.008"/>
  <testcase name="setNeighbours()" classname="com.pasinski.internship.PathFinderTest" time="0.001"/>
  <system-out><![CDATA[]]></system-out>
  <system-err><![CDATA[]]></system-err>
</testsuite>
